<?xml version="1.0" encoding="utf-8"?><testsuites><testsuite errors="0" failures="0" hostname="LAPTOP-8DIMUDRV" name="pytest" skipped="0" tests="12" time="208.407" timestamp="2020-09-08T22:34:13.222136"><testcase classname="test01_Agregar_miembro.Test01_Agregar_miembro" file="test01_Agregar_miembro.py" line="25" name="test01_Agregar_miembro" time="13.752"></testcase><testcase classname="test02_Limpiar_campos.Test02_Limpiar_campos" file="test02_Limpiar_campos.py" line="24" name="test02_Limpiar_campos" time="12.672"></testcase><testcase classname="test03_Validar_nombre_con_numeros.Test03_Validar_nombre_con_numeros" file="test03_Validar_nombre_con_numeros.py" line="25" name="test03_Validar_nombre_con_numeros" time="12.062"></testcase><testcase classname="test04_Validar_nombre_mas_25_letras_espacios.Test04_Validar_nombre_mas_25_letras_espacios" file="test04_Validar_nombre_mas_25_letras_espacios.py" line="25" name="test04_Validar_nombre_mas_25_letras_espacios" time="12.128"></testcase><testcase classname="test05_Validar_correo_registrado_en_sistema.Test05_Validar_correo_registrado_en_sistema" file="test05_Validar_correo_registrado_en_sistema.py" line="25" name="test05_Validar_correo_registrado_en_sistema" time="12.053"></testcase><testcase classname="test06_Validar_JSON_fila.Test06_Validar_JSON_fila" file="test06_Validar_JSON_fila.py" line="26" name="test06_Validar_JSON_fila" time="16.453"></testcase><testcase classname="test07_Validar_JSON_tabla.Test07_Validar_JSON_tabla" file="test07_Validar_JSON_tabla.py" line="25" name="test07_Validar_JSON_tabla" time="16.631"></testcase><testcase classname="test08_Validar_orden_tabla.Test08_Validar_orden_tabla" file="test08_Validar_orden_tabla.py" line="24" name="test08_Validar_orden_tabla" time="13.383"></testcase><testcase classname="test09_Validar_mensajes_nombre.Test09_Validar_mensajes_nombre" file="test09_Validar_mensajes_nombre.py" line="24" name="test09_Validar_mensajes_nombre" time="10.910"></testcase><testcase classname="test10_Validar_mensajes_correo.Test10_Validar_mensajes_correo" file="test10_Validar_mensajes_correo.py" line="26" name="test10_Validar_mensajes_correo" time="35.464"></testcase><testcase classname="test11_Validar_mensajes_telefono.Test11_Validar_mensajes_telefono" file="test11_Validar_mensajes_telefono.py" line="26" name="test11_Validar_mensajes_telefono" time="25.226"></testcase><testcase classname="test12_Refrescar_tabla.Test12_Refrescar_tabla" file="test12_Refrescar_tabla.py" line="24" name="test12_Refrescar_tabla" time="27.264"></testcase></testsuite></testsuites>